{"/Users/atliq12/Documents/test-demo/App/Actions/UserActions.js": {"path":"/Users/atliq12/Documents/test-demo/App/Actions/UserActions.js","statementMap":{"0":{"start":{"line":3,"column":29},"end":{"line":5,"column":2}},"1":{"start":{"line":3,"column":36},"end":{"line":5,"column":1}},"2":{"start":{"line":7,"column":26},"end":{"line":9,"column":2}},"3":{"start":{"line":7,"column":33},"end":{"line":9,"column":1}},"4":{"start":{"line":11,"column":27},"end":{"line":14,"column":2}},"5":{"start":{"line":11,"column":36},"end":{"line":14,"column":1}}},"fnMap":{"0":{"name":"(anonymous_0)","decl":{"start":{"line":3,"column":29},"end":{"line":3,"column":30}},"loc":{"start":{"line":3,"column":36},"end":{"line":5,"column":1}},"line":3},"1":{"name":"(anonymous_1)","decl":{"start":{"line":7,"column":26},"end":{"line":7,"column":27}},"loc":{"start":{"line":7,"column":33},"end":{"line":9,"column":1}},"line":7},"2":{"name":"(anonymous_2)","decl":{"start":{"line":11,"column":27},"end":{"line":11,"column":28}},"loc":{"start":{"line":11,"column":36},"end":{"line":14,"column":1}},"line":11}},"branchMap":{},"s":{"0":2,"1":1,"2":2,"3":1,"4":2,"5":4},"f":{"0":1,"1":1,"2":4},"b":{},"_coverageSchema":"1a1c01bbd47fc00a2c39e90264f33305004495a9","hash":"96c432b9d22e13436570cee7a4707040dfb3a6ed"}
,"/Users/atliq12/Documents/test-demo/App/Actions/Keys/UserKey.js": {"path":"/Users/atliq12/Documents/test-demo/App/Actions/Keys/UserKey.js","statementMap":{"0":{"start":{"line":1,"column":24},"end":{"line":1,"column":34}},"1":{"start":{"line":2,"column":24},"end":{"line":2,"column":34}},"2":{"start":{"line":3,"column":23},"end":{"line":3,"column":32}},"3":{"start":{"line":5,"column":29},"end":{"line":5,"column":44}},"4":{"start":{"line":6,"column":29},"end":{"line":6,"column":44}},"5":{"start":{"line":7,"column":21},"end":{"line":7,"column":28}}},"fnMap":{},"branchMap":{},"s":{"0":4,"1":4,"2":4,"3":4,"4":4,"5":4},"f":{},"b":{},"_coverageSchema":"1a1c01bbd47fc00a2c39e90264f33305004495a9","hash":"1ea57adcfdb47dedff8511bcbb04eb3d906b7a66"}
,"/Users/atliq12/Documents/test-demo/App/Actions/Keys/index.js": {"path":"/Users/atliq12/Documents/test-demo/App/Actions/Keys/index.js","statementMap":{},"fnMap":{},"branchMap":{},"s":{},"f":{},"b":{},"_coverageSchema":"1a1c01bbd47fc00a2c39e90264f33305004495a9","hash":"873ee3203e3b030b0477190901cc02bb8be7b130"}
,"/Users/atliq12/Documents/test-demo/App/ApiConfig/index.js": {"path":"/Users/atliq12/Documents/test-demo/App/ApiConfig/index.js","statementMap":{"0":{"start":{"line":3,"column":22},"end":{"line":3,"column":36}},"1":{"start":{"line":5,"column":23},"end":{"line":5,"column":42}},"2":{"start":{"line":7,"column":20},"end":{"line":10,"column":1}},"3":{"start":{"line":12,"column":19},"end":{"line":12,"column":35}},"4":{"start":{"line":15,"column":2},"end":{"line":15,"column":70}},"5":{"start":{"line":17,"column":26},"end":{"line":17,"column":38}},"6":{"start":{"line":19,"column":16},"end":{"line":26,"column":1}}},"fnMap":{},"branchMap":{"0":{"loc":{"start":{"line":15,"column":2},"end":{"line":15,"column":70}},"type":"binary-expr","locations":[{"start":{"line":15,"column":3},"end":{"line":15,"column":34}},{"start":{"line":15,"column":38},"end":{"line":15,"column":51}},{"start":{"line":15,"column":56},"end":{"line":15,"column":70}}],"line":15}},"s":{"0":1,"1":1,"2":1,"3":1,"4":1,"5":1,"6":1},"f":{},"b":{"0":[1,1,0]},"_coverageSchema":"1a1c01bbd47fc00a2c39e90264f33305004495a9","hash":"40c301c3cc7ccc534fd387d4c6b79f81387a27ed"}
,"/Users/atliq12/Documents/test-demo/App/AppContext/index.js": {"path":"/Users/atliq12/Documents/test-demo/App/AppContext/index.js","statementMap":{"0":{"start":{"line":10,"column":18},"end":{"line":10,"column":28}},"1":{"start":{"line":12,"column":26},"end":{"line":20,"column":2}},"2":{"start":{"line":22,"column":34},"end":{"line":104,"column":1}},"3":{"start":{"line":24,"column":34},"end":{"line":24,"column":57}},"4":{"start":{"line":25,"column":30},"end":{"line":25,"column":44}},"5":{"start":{"line":27,"column":2},"end":{"line":29,"column":5}},"6":{"start":{"line":28,"column":4},"end":{"line":28,"column":21}},"7":{"start":{"line":31,"column":25},"end":{"line":37,"column":3}},"8":{"start":{"line":32,"column":4},"end":{"line":36,"column":5}},"9":{"start":{"line":33,"column":6},"end":{"line":33,"column":33}},"10":{"start":{"line":35,"column":6},"end":{"line":35,"column":23}},"11":{"start":{"line":70,"column":19},"end":{"line":73,"column":3}},"12":{"start":{"line":71,"column":4},"end":{"line":71,"column":23}},"13":{"start":{"line":72,"column":4},"end":{"line":72,"column":39}},"14":{"start":{"line":75,"column":29},"end":{"line":88,"column":3}},"15":{"start":{"line":76,"column":25},"end":{"line":76,"column":60}},"16":{"start":{"line":77,"column":4},"end":{"line":87,"column":5}},"17":{"start":{"line":78,"column":26},"end":{"line":78,"column":53}},"18":{"start":{"line":79,"column":6},"end":{"line":79,"column":65}},"19":{"start":{"line":81,"column":6},"end":{"line":86,"column":7}},"20":{"start":{"line":82,"column":8},"end":{"line":82,"column":31}},"21":{"start":{"line":83,"column":8},"end":{"line":83,"column":47}},"22":{"start":{"line":85,"column":8},"end":{"line":85,"column":34}},"23":{"start":{"line":90,"column":2},"end":{"line":103,"column":4}}},"fnMap":{"0":{"name":"(anonymous_0)","decl":{"start":{"line":18,"column":22},"end":{"line":18,"column":23}},"loc":{"start":{"line":18,"column":28},"end":{"line":18,"column":30}},"line":18},"1":{"name":"(anonymous_1)","decl":{"start":{"line":19,"column":15},"end":{"line":19,"column":16}},"loc":{"start":{"line":19,"column":21},"end":{"line":19,"column":23}},"line":19},"2":{"name":"(anonymous_2)","decl":{"start":{"line":22,"column":34},"end":{"line":22,"column":35}},"loc":{"start":{"line":22,"column":50},"end":{"line":104,"column":1}},"line":22},"3":{"name":"(anonymous_3)","decl":{"start":{"line":27,"column":12},"end":{"line":27,"column":13}},"loc":{"start":{"line":27,"column":18},"end":{"line":29,"column":3}},"line":27},"4":{"name":"(anonymous_4)","decl":{"start":{"line":31,"column":25},"end":{"line":31,"column":26}},"loc":{"start":{"line":31,"column":37},"end":{"line":37,"column":3}},"line":31},"5":{"name":"(anonymous_5)","decl":{"start":{"line":70,"column":19},"end":{"line":70,"column":20}},"loc":{"start":{"line":70,"column":28},"end":{"line":73,"column":3}},"line":70},"6":{"name":"(anonymous_6)","decl":{"start":{"line":75,"column":29},"end":{"line":75,"column":30}},"loc":{"start":{"line":75,"column":48},"end":{"line":88,"column":3}},"line":75}},"branchMap":{"0":{"loc":{"start":{"line":32,"column":4},"end":{"line":36,"column":5}},"type":"if","locations":[{"start":{"line":32,"column":4},"end":{"line":36,"column":5}},{"start":{},"end":{}}],"line":32},"1":{"loc":{"start":{"line":77,"column":4},"end":{"line":87,"column":5}},"type":"if","locations":[{"start":{"line":77,"column":4},"end":{"line":87,"column":5}},{"start":{"line":80,"column":11},"end":{"line":87,"column":5}}],"line":77},"2":{"loc":{"start":{"line":77,"column":8},"end":{"line":77,"column":35}},"type":"binary-expr","locations":[{"start":{"line":77,"column":8},"end":{"line":77,"column":21}},{"start":{"line":77,"column":25},"end":{"line":77,"column":35}}],"line":77},"3":{"loc":{"start":{"line":79,"column":18},"end":{"line":79,"column":63}},"type":"binary-expr","locations":[{"start":{"line":79,"column":19},"end":{"line":79,"column":30}},{"start":{"line":79,"column":34},"end":{"line":79,"column":45}},{"start":{"line":79,"column":50},"end":{"line":79,"column":63}}],"line":79},"4":{"loc":{"start":{"line":81,"column":6},"end":{"line":86,"column":7}},"type":"if","locations":[{"start":{"line":81,"column":6},"end":{"line":86,"column":7}},{"start":{"line":84,"column":13},"end":{"line":86,"column":7}}],"line":81}},"s":{"0":3,"1":3,"2":3,"3":0,"4":0,"5":0,"6":0,"7":0,"8":0,"9":0,"10":0,"11":0,"12":0,"13":0,"14":0,"15":0,"16":0,"17":0,"18":0,"19":0,"20":0,"21":0,"22":0,"23":0},"f":{"0":0,"1":0,"2":0,"3":0,"4":0,"5":0,"6":0},"b":{"0":[0,0],"1":[0,0],"2":[0,0],"3":[0,0,0],"4":[0,0]},"_coverageSchema":"1a1c01bbd47fc00a2c39e90264f33305004495a9","hash":"0ca35edf8fc794287612ee996171725bbc9f87ee"}
,"/Users/atliq12/Documents/test-demo/App/Reducers/UserReducer.js": {"path":"/Users/atliq12/Documents/test-demo/App/Reducers/UserReducer.js","statementMap":{"0":{"start":{"line":4,"column":26},"end":{"line":4,"column":43}},"1":{"start":{"line":6,"column":20},"end":{"line":40,"column":1}},"2":{"start":{"line":7,"column":2},"end":{"line":39,"column":3}},"3":{"start":{"line":9,"column":6},"end":{"line":9,"column":46}},"4":{"start":{"line":11,"column":6},"end":{"line":18,"column":8}},"5":{"start":{"line":20,"column":6},"end":{"line":27,"column":8}},"6":{"start":{"line":29,"column":6},"end":{"line":36,"column":8}},"7":{"start":{"line":38,"column":6},"end":{"line":38,"column":19}}},"fnMap":{"0":{"name":"(anonymous_0)","decl":{"start":{"line":6,"column":20},"end":{"line":6,"column":21}},"loc":{"start":{"line":6,"column":52},"end":{"line":40,"column":1}},"line":6}},"branchMap":{"0":{"loc":{"start":{"line":6,"column":21},"end":{"line":6,"column":39}},"type":"default-arg","locations":[{"start":{"line":6,"column":29},"end":{"line":6,"column":39}}],"line":6},"1":{"loc":{"start":{"line":7,"column":2},"end":{"line":39,"column":3}},"type":"switch","locations":[{"start":{"line":8,"column":4},"end":{"line":9,"column":46}},{"start":{"line":10,"column":4},"end":{"line":18,"column":8}},{"start":{"line":19,"column":4},"end":{"line":27,"column":8}},{"start":{"line":28,"column":4},"end":{"line":36,"column":8}},{"start":{"line":37,"column":4},"end":{"line":38,"column":19}}],"line":7}},"s":{"0":2,"1":2,"2":13,"3":1,"4":4,"5":1,"6":0,"7":7},"f":{"0":13},"b":{"0":[4],"1":[1,4,1,0,7]},"_coverageSchema":"1a1c01bbd47fc00a2c39e90264f33305004495a9","hash":"598ae9a0775071e916bba6633cfb6cbb4af0e2a3"}
,"/Users/atliq12/Documents/test-demo/App/Reducers/index.js": {"path":"/Users/atliq12/Documents/test-demo/App/Reducers/index.js","statementMap":{},"fnMap":{},"branchMap":{},"s":{},"f":{},"b":{},"_coverageSchema":"1a1c01bbd47fc00a2c39e90264f33305004495a9","hash":"7ba5df68560ad2ad0c20c568db000fb0603ce261"}
,"/Users/atliq12/Documents/test-demo/App/Reducers/Default/UserDefault.js": {"path":"/Users/atliq12/Documents/test-demo/App/Reducers/Default/UserDefault.js","statementMap":{"0":{"start":{"line":1,"column":20},"end":{"line":8,"column":1}}},"fnMap":{},"branchMap":{},"s":{"0":2},"f":{},"b":{},"_coverageSchema":"1a1c01bbd47fc00a2c39e90264f33305004495a9","hash":"2ba289f40fb4fed6d20be57c2d279f83c4d7a47b"}
,"/Users/atliq12/Documents/test-demo/App/Reducers/Default/index.js": {"path":"/Users/atliq12/Documents/test-demo/App/Reducers/Default/index.js","statementMap":{"0":{"start":{"line":3,"column":26},"end":{"line":5,"column":1}}},"fnMap":{},"branchMap":{},"s":{"0":2},"f":{},"b":{},"_coverageSchema":"1a1c01bbd47fc00a2c39e90264f33305004495a9","hash":"89d630f12ce73b1f24f1bc7541d55400e4b5d081"}
,"/Users/atliq12/Documents/test-demo/App/Sagas/UserSaga.js": {"path":"/Users/atliq12/Documents/test-demo/App/Sagas/UserSaga.js","statementMap":{"0":{"start":{"line":5,"column":16},"end":{"line":5,"column":45}},"1":{"start":{"line":5,"column":25},"end":{"line":5,"column":45}},"2":{"start":{"line":8,"column":2},"end":{"line":10,"column":20}},"3":{"start":{"line":14,"column":2},"end":{"line":31,"column":3}},"4":{"start":{"line":15,"column":17},"end":{"line":15,"column":36}},"5":{"start":{"line":17,"column":21},"end":{"line":17,"column":44}},"6":{"start":{"line":18,"column":4},"end":{"line":18,"column":35}},"7":{"start":{"line":19,"column":4},"end":{"line":22,"column":5}},"8":{"start":{"line":20,"column":23},"end":{"line":20,"column":44}},"9":{"start":{"line":21,"column":6},"end":{"line":21,"column":55}},"10":{"start":{"line":23,"column":4},"end":{"line":23,"column":51}},"11":{"start":{"line":24,"column":4},"end":{"line":24,"column":59}},"12":{"start":{"line":26,"column":4},"end":{"line":26,"column":23}},"13":{"start":{"line":27,"column":4},"end":{"line":30,"column":7}}},"fnMap":{"0":{"name":"(anonymous_0)","decl":{"start":{"line":5,"column":16},"end":{"line":5,"column":17}},"loc":{"start":{"line":5,"column":25},"end":{"line":5,"column":45}},"line":5},"1":{"name":"getUserSaga","decl":{"start":{"line":7,"column":17},"end":{"line":7,"column":28}},"loc":{"start":{"line":7,"column":37},"end":{"line":11,"column":1}},"line":7},"2":{"name":"getUserListSaga","decl":{"start":{"line":13,"column":17},"end":{"line":13,"column":32}},"loc":{"start":{"line":13,"column":41},"end":{"line":32,"column":1}},"line":13}},"branchMap":{"0":{"loc":{"start":{"line":15,"column":17},"end":{"line":15,"column":36}},"type":"binary-expr","locations":[{"start":{"line":15,"column":17},"end":{"line":15,"column":31}},{"start":{"line":15,"column":35},"end":{"line":15,"column":36}}],"line":15},"1":{"loc":{"start":{"line":19,"column":4},"end":{"line":22,"column":5}},"type":"if","locations":[{"start":{"line":19,"column":4},"end":{"line":22,"column":5}},{"start":{},"end":{}}],"line":19}},"s":{"0":1,"1":0,"2":0,"3":0,"4":0,"5":0,"6":0,"7":0,"8":0,"9":0,"10":0,"11":0,"12":0,"13":0},"f":{"0":0,"1":0,"2":0},"b":{"0":[0,0],"1":[0,0]},"_coverageSchema":"1a1c01bbd47fc00a2c39e90264f33305004495a9","hash":"9bf0cf6be48473d6d51f3d93ab45b7beb59a2c5b"}
,"/Users/atliq12/Documents/test-demo/App/Screens/CommonComponent/CustomText.js": {"path":"/Users/atliq12/Documents/test-demo/App/Screens/CommonComponent/CustomText.js","statementMap":{"0":{"start":{"line":5,"column":19},"end":{"line":43,"column":1}},"1":{"start":{"line":16,"column":6},"end":{"line":16,"column":11}},"2":{"start":{"line":18,"column":22},"end":{"line":36,"column":3}},"3":{"start":{"line":19,"column":19},"end":{"line":19,"column":43}},"4":{"start":{"line":20,"column":4},"end":{"line":32,"column":5}},"5":{"start":{"line":21,"column":6},"end":{"line":21,"column":34}},"6":{"start":{"line":22,"column":11},"end":{"line":32,"column":5}},"7":{"start":{"line":23,"column":6},"end":{"line":23,"column":33}},"8":{"start":{"line":24,"column":11},"end":{"line":32,"column":5}},"9":{"start":{"line":25,"column":6},"end":{"line":25,"column":33}},"10":{"start":{"line":26,"column":11},"end":{"line":32,"column":5}},"11":{"start":{"line":27,"column":6},"end":{"line":27,"column":35}},"12":{"start":{"line":28,"column":11},"end":{"line":32,"column":5}},"13":{"start":{"line":29,"column":6},"end":{"line":29,"column":34}},"14":{"start":{"line":30,"column":11},"end":{"line":32,"column":5}},"15":{"start":{"line":31,"column":6},"end":{"line":31,"column":36}},"16":{"start":{"line":33,"column":4},"end":{"line":35,"column":6}},"17":{"start":{"line":38,"column":2},"end":{"line":42,"column":4}}},"fnMap":{"0":{"name":"(anonymous_0)","decl":{"start":{"line":5,"column":19},"end":{"line":5,"column":20}},"loc":{"start":{"line":5,"column":28},"end":{"line":43,"column":1}},"line":5},"1":{"name":"(anonymous_1)","decl":{"start":{"line":18,"column":22},"end":{"line":18,"column":23}},"loc":{"start":{"line":18,"column":28},"end":{"line":36,"column":3}},"line":18}},"branchMap":{"0":{"loc":{"start":{"line":19,"column":19},"end":{"line":19,"column":43}},"type":"binary-expr","locations":[{"start":{"line":19,"column":19},"end":{"line":19,"column":23}},{"start":{"line":19,"column":27},"end":{"line":19,"column":43}}],"line":19},"1":{"loc":{"start":{"line":20,"column":4},"end":{"line":32,"column":5}},"type":"if","locations":[{"start":{"line":20,"column":4},"end":{"line":32,"column":5}},{"start":{"line":22,"column":11},"end":{"line":32,"column":5}}],"line":20},"2":{"loc":{"start":{"line":22,"column":11},"end":{"line":32,"column":5}},"type":"if","locations":[{"start":{"line":22,"column":11},"end":{"line":32,"column":5}},{"start":{"line":24,"column":11},"end":{"line":32,"column":5}}],"line":22},"3":{"loc":{"start":{"line":24,"column":11},"end":{"line":32,"column":5}},"type":"if","locations":[{"start":{"line":24,"column":11},"end":{"line":32,"column":5}},{"start":{"line":26,"column":11},"end":{"line":32,"column":5}}],"line":24},"4":{"loc":{"start":{"line":26,"column":11},"end":{"line":32,"column":5}},"type":"if","locations":[{"start":{"line":26,"column":11},"end":{"line":32,"column":5}},{"start":{"line":28,"column":11},"end":{"line":32,"column":5}}],"line":26},"5":{"loc":{"start":{"line":28,"column":11},"end":{"line":32,"column":5}},"type":"if","locations":[{"start":{"line":28,"column":11},"end":{"line":32,"column":5}},{"start":{"line":30,"column":11},"end":{"line":32,"column":5}}],"line":28},"6":{"loc":{"start":{"line":30,"column":11},"end":{"line":32,"column":5}},"type":"if","locations":[{"start":{"line":30,"column":11},"end":{"line":32,"column":5}},{"start":{},"end":{}}],"line":30},"7":{"loc":{"start":{"line":39,"column":44},"end":{"line":39,"column":58}},"type":"binary-expr","locations":[{"start":{"line":39,"column":44},"end":{"line":39,"column":49}},{"start":{"line":39,"column":53},"end":{"line":39,"column":58}}],"line":39}},"s":{"0":3,"1":46,"2":46,"3":46,"4":46,"5":0,"6":46,"7":0,"8":46,"9":27,"10":19,"11":9,"12":10,"13":1,"14":9,"15":0,"16":46,"17":46},"f":{"0":46,"1":46},"b":{"0":[46,46],"1":[0,46],"2":[0,46],"3":[27,19],"4":[9,10],"5":[1,9],"6":[0,9],"7":[46,46]},"_coverageSchema":"1a1c01bbd47fc00a2c39e90264f33305004495a9","hash":"77539954857a30b4e873c8cb3c02929f2c0961bd"}
,"/Users/atliq12/Documents/test-demo/App/Screens/CommonComponent/index.js": {"path":"/Users/atliq12/Documents/test-demo/App/Screens/CommonComponent/index.js","statementMap":{},"fnMap":{},"branchMap":{},"s":{},"f":{},"b":{},"_coverageSchema":"1a1c01bbd47fc00a2c39e90264f33305004495a9","hash":"3abcc5b419696144635e83185f2633f3dcde9535"}
,"/Users/atliq12/Documents/test-demo/App/Screens/Components/Home/Home.js": {"path":"/Users/atliq12/Documents/test-demo/App/Screens/Components/Home/Home.js","statementMap":{"0":{"start":{"line":10,"column":15},"end":{"line":18,"column":2}},"1":{"start":{"line":20,"column":13},"end":{"line":68,"column":1}},"2":{"start":{"line":21,"column":21},"end":{"line":21,"column":43}},"3":{"start":{"line":22,"column":17},"end":{"line":22,"column":59}},"4":{"start":{"line":22,"column":38},"end":{"line":22,"column":58}},"5":{"start":{"line":23,"column":19},"end":{"line":23,"column":32}},"6":{"start":{"line":25,"column":2},"end":{"line":28,"column":9}},"7":{"start":{"line":26,"column":4},"end":{"line":26,"column":29}},"8":{"start":{"line":30,"column":21},"end":{"line":36,"column":3}},"9":{"start":{"line":31,"column":4},"end":{"line":35,"column":6}},"10":{"start":{"line":38,"column":2},"end":{"line":67,"column":4}},"11":{"start":{"line":53,"column":10},"end":{"line":53,"column":30}},"12":{"start":{"line":54,"column":10},"end":{"line":54,"column":35}},"13":{"start":{"line":57,"column":30},"end":{"line":57,"column":40}},"14":{"start":{"line":59,"column":10},"end":{"line":63,"column":12}}},"fnMap":{"0":{"name":"(anonymous_0)","decl":{"start":{"line":20,"column":13},"end":{"line":20,"column":14}},"loc":{"start":{"line":20,"column":22},"end":{"line":68,"column":1}},"line":20},"1":{"name":"(anonymous_1)","decl":{"start":{"line":22,"column":29},"end":{"line":22,"column":30}},"loc":{"start":{"line":22,"column":38},"end":{"line":22,"column":58}},"line":22},"2":{"name":"(anonymous_2)","decl":{"start":{"line":25,"column":12},"end":{"line":25,"column":13}},"loc":{"start":{"line":25,"column":18},"end":{"line":28,"column":3}},"line":25},"3":{"name":"(anonymous_3)","decl":{"start":{"line":30,"column":21},"end":{"line":30,"column":22}},"loc":{"start":{"line":30,"column":33},"end":{"line":36,"column":3}},"line":30},"4":{"name":"(anonymous_4)","decl":{"start":{"line":52,"column":22},"end":{"line":52,"column":23}},"loc":{"start":{"line":52,"column":28},"end":{"line":55,"column":9}},"line":52},"5":{"name":"(anonymous_5)","decl":{"start":{"line":57,"column":22},"end":{"line":57,"column":23}},"loc":{"start":{"line":57,"column":30},"end":{"line":57,"column":40}},"line":57},"6":{"name":"(anonymous_6)","decl":{"start":{"line":58,"column":28},"end":{"line":58,"column":29}},"loc":{"start":{"line":58,"column":34},"end":{"line":64,"column":9}},"line":58}},"branchMap":{},"s":{"0":1,"1":1,"2":6,"3":6,"4":9,"5":6,"6":6,"7":3,"8":6,"9":0,"10":6,"11":0,"12":0,"13":0,"14":6},"f":{"0":6,"1":9,"2":3,"3":0,"4":0,"5":0,"6":6},"b":{},"_coverageSchema":"1a1c01bbd47fc00a2c39e90264f33305004495a9","hash":"fe5ddda3ff3f6a1d7fe3888d08658d63c0a1c45e"}
,"/Users/atliq12/Documents/test-demo/App/Screens/Components/Login/Login.js": {"path":"/Users/atliq12/Documents/test-demo/App/Screens/Components/Login/Login.js","statementMap":{"0":{"start":{"line":18,"column":15},"end":{"line":42,"column":2}},"1":{"start":{"line":45,"column":23},"end":{"line":45,"column":33}},"2":{"start":{"line":48,"column":4},"end":{"line":48,"column":17}},"3":{"start":{"line":49,"column":4},"end":{"line":54,"column":6}},"4":{"start":{"line":57,"column":20},"end":{"line":61,"column":3}},"5":{"start":{"line":58,"column":4},"end":{"line":60,"column":5}},"6":{"start":{"line":59,"column":6},"end":{"line":59,"column":28}},"7":{"start":{"line":63,"column":17},"end":{"line":67,"column":3}},"8":{"start":{"line":64,"column":4},"end":{"line":66,"column":7}},"9":{"start":{"line":69,"column":19},"end":{"line":73,"column":3}},"10":{"start":{"line":70,"column":4},"end":{"line":72,"column":7}},"11":{"start":{"line":75,"column":21},"end":{"line":79,"column":3}},"12":{"start":{"line":76,"column":4},"end":{"line":78,"column":7}},"13":{"start":{"line":81,"column":12},"end":{"line":90,"column":3}},"14":{"start":{"line":82,"column":4},"end":{"line":89,"column":5}},"15":{"start":{"line":85,"column":6},"end":{"line":85,"column":34}},"16":{"start":{"line":86,"column":6},"end":{"line":86,"column":57}},"17":{"start":{"line":88,"column":6},"end":{"line":88,"column":35}},"18":{"start":{"line":92,"column":19},"end":{"line":100,"column":3}},"19":{"start":{"line":93,"column":25},"end":{"line":93,"column":35}},"20":{"start":{"line":94,"column":4},"end":{"line":99,"column":6}},"21":{"start":{"line":103,"column":23},"end":{"line":103,"column":35}},"22":{"start":{"line":104,"column":63},"end":{"line":104,"column":73}},"23":{"start":{"line":105,"column":68},"end":{"line":105,"column":74}},"24":{"start":{"line":106,"column":64},"end":{"line":106,"column":75}},"25":{"start":{"line":107,"column":23},"end":{"line":113,"column":5}},"26":{"start":{"line":114,"column":4},"end":{"line":187,"column":6}},"27":{"start":{"line":123,"column":36},"end":{"line":123,"column":68}},"28":{"start":{"line":132,"column":27},"end":{"line":132,"column":46}},"29":{"start":{"line":133,"column":37},"end":{"line":133,"column":72}},"30":{"start":{"line":138,"column":38},"end":{"line":138,"column":73}},"31":{"start":{"line":147,"column":29},"end":{"line":147,"column":51}},"32":{"start":{"line":182,"column":32},"end":{"line":182,"column":59}}},"fnMap":{"0":{"name":"(anonymous_0)","decl":{"start":{"line":47,"column":2},"end":{"line":47,"column":3}},"loc":{"start":{"line":47,"column":21},"end":{"line":55,"column":3}},"line":47},"1":{"name":"(anonymous_1)","decl":{"start":{"line":57,"column":20},"end":{"line":57,"column":21}},"loc":{"start":{"line":57,"column":31},"end":{"line":61,"column":3}},"line":57},"2":{"name":"(anonymous_2)","decl":{"start":{"line":63,"column":17},"end":{"line":63,"column":18}},"loc":{"start":{"line":63,"column":33},"end":{"line":67,"column":3}},"line":63},"3":{"name":"(anonymous_3)","decl":{"start":{"line":69,"column":19},"end":{"line":69,"column":20}},"loc":{"start":{"line":69,"column":25},"end":{"line":73,"column":3}},"line":69},"4":{"name":"(anonymous_4)","decl":{"start":{"line":75,"column":21},"end":{"line":75,"column":22}},"loc":{"start":{"line":75,"column":37},"end":{"line":79,"column":3}},"line":75},"5":{"name":"(anonymous_5)","decl":{"start":{"line":81,"column":12},"end":{"line":81,"column":13}},"loc":{"start":{"line":81,"column":24},"end":{"line":90,"column":3}},"line":81},"6":{"name":"(anonymous_6)","decl":{"start":{"line":92,"column":19},"end":{"line":92,"column":20}},"loc":{"start":{"line":92,"column":27},"end":{"line":100,"column":3}},"line":92},"7":{"name":"(anonymous_7)","decl":{"start":{"line":102,"column":2},"end":{"line":102,"column":3}},"loc":{"start":{"line":102,"column":11},"end":{"line":188,"column":3}},"line":102},"8":{"name":"(anonymous_8)","decl":{"start":{"line":123,"column":28},"end":{"line":123,"column":29}},"loc":{"start":{"line":123,"column":36},"end":{"line":123,"column":68}},"line":123},"9":{"name":"(anonymous_9)","decl":{"start":{"line":132,"column":19},"end":{"line":132,"column":20}},"loc":{"start":{"line":132,"column":27},"end":{"line":132,"column":46}},"line":132},"10":{"name":"(anonymous_10)","decl":{"start":{"line":133,"column":31},"end":{"line":133,"column":32}},"loc":{"start":{"line":133,"column":37},"end":{"line":133,"column":72}},"line":133},"11":{"name":"(anonymous_11)","decl":{"start":{"line":138,"column":30},"end":{"line":138,"column":31}},"loc":{"start":{"line":138,"column":38},"end":{"line":138,"column":73}},"line":138},"12":{"name":"(anonymous_12)","decl":{"start":{"line":147,"column":21},"end":{"line":147,"column":22}},"loc":{"start":{"line":147,"column":29},"end":{"line":147,"column":51}},"line":147},"13":{"name":"(anonymous_13)","decl":{"start":{"line":182,"column":26},"end":{"line":182,"column":27}},"loc":{"start":{"line":182,"column":32},"end":{"line":182,"column":59}},"line":182}},"branchMap":{"0":{"loc":{"start":{"line":58,"column":4},"end":{"line":60,"column":5}},"type":"if","locations":[{"start":{"line":58,"column":4},"end":{"line":60,"column":5}},{"start":{},"end":{}}],"line":58},"1":{"loc":{"start":{"line":161,"column":22},"end":{"line":162,"column":46}},"type":"binary-expr","locations":[{"start":{"line":161,"column":23},"end":{"line":161,"column":40}},{"start":{"line":161,"column":44},"end":{"line":161,"column":66}},{"start":{"line":162,"column":22},"end":{"line":162,"column":46}}],"line":161}},"s":{"0":1,"1":1,"2":6,"3":6,"4":6,"5":0,"6":0,"7":6,"8":2,"9":6,"10":0,"11":6,"12":1,"13":6,"14":1,"15":1,"16":0,"17":1,"18":6,"19":1,"20":1,"21":9,"22":9,"23":9,"24":9,"25":9,"26":9,"27":1,"28":17,"29":0,"30":1,"31":17,"32":0},"f":{"0":6,"1":0,"2":2,"3":0,"4":1,"5":1,"6":1,"7":9,"8":1,"9":17,"10":0,"11":1,"12":17,"13":0},"b":{"0":[0,0],"1":[9,9,0]},"_coverageSchema":"1a1c01bbd47fc00a2c39e90264f33305004495a9","hash":"9ed68f844ac2ba65575acf763fc758c02a908341"}
,"/Users/atliq12/Documents/test-demo/App/Screens/Components/Search/Search.js": {"path":"/Users/atliq12/Documents/test-demo/App/Screens/Components/Search/Search.js","statementMap":{"0":{"start":{"line":7,"column":15},"end":{"line":22,"column":1}},"1":{"start":{"line":8,"column":21},"end":{"line":8,"column":43}},"2":{"start":{"line":10,"column":2},"end":{"line":21,"column":4}}},"fnMap":{"0":{"name":"(anonymous_0)","decl":{"start":{"line":7,"column":15},"end":{"line":7,"column":16}},"loc":{"start":{"line":7,"column":24},"end":{"line":22,"column":1}},"line":7}},"branchMap":{},"s":{"0":1,"1":1,"2":1},"f":{"0":1},"b":{},"_coverageSchema":"1a1c01bbd47fc00a2c39e90264f33305004495a9","hash":"a1baf1dffaeca9200d5fc628efafb7487c600805"}
,"/Users/atliq12/Documents/test-demo/App/Screens/SubComponents/AppButton.js": {"path":"/Users/atliq12/Documents/test-demo/App/Screens/SubComponents/AppButton.js","statementMap":{"0":{"start":{"line":13,"column":15},"end":{"line":33,"column":2}},"1":{"start":{"line":35,"column":23},"end":{"line":64,"column":1}},"2":{"start":{"line":42,"column":6},"end":{"line":42,"column":11}},"3":{"start":{"line":43,"column":21},"end":{"line":43,"column":43}},"4":{"start":{"line":44,"column":35},"end":{"line":44,"column":41}},"5":{"start":{"line":45,"column":2},"end":{"line":63,"column":4}},"6":{"start":{"line":66,"column":24},"end":{"line":90,"column":1}},"7":{"start":{"line":68,"column":4},"end":{"line":68,"column":9}},"8":{"start":{"line":69,"column":18},"end":{"line":69,"column":24}},"9":{"start":{"line":70,"column":21},"end":{"line":70,"column":43}},"10":{"start":{"line":71,"column":2},"end":{"line":89,"column":4}}},"fnMap":{"0":{"name":"(anonymous_0)","decl":{"start":{"line":35,"column":23},"end":{"line":35,"column":24}},"loc":{"start":{"line":35,"column":32},"end":{"line":64,"column":1}},"line":35},"1":{"name":"(anonymous_1)","decl":{"start":{"line":66,"column":24},"end":{"line":66,"column":25}},"loc":{"start":{"line":66,"column":33},"end":{"line":90,"column":1}},"line":66}},"branchMap":{"0":{"loc":{"start":{"line":40,"column":4},"end":{"line":40,"column":24}},"type":"default-arg","locations":[{"start":{"line":40,"column":19},"end":{"line":40,"column":24}}],"line":40},"1":{"loc":{"start":{"line":41,"column":4},"end":{"line":41,"column":20}},"type":"default-arg","locations":[{"start":{"line":41,"column":15},"end":{"line":41,"column":20}}],"line":41},"2":{"loc":{"start":{"line":50,"column":18},"end":{"line":50,"column":44}},"type":"binary-expr","locations":[{"start":{"line":50,"column":19},"end":{"line":50,"column":31}},{"start":{"line":50,"column":35},"end":{"line":50,"column":38}},{"start":{"line":50,"column":43},"end":{"line":50,"column":44}}],"line":50},"3":{"loc":{"start":{"line":51,"column":8},"end":{"line":51,"column":26}},"type":"binary-expr","locations":[{"start":{"line":51,"column":8},"end":{"line":51,"column":15}},{"start":{"line":51,"column":19},"end":{"line":51,"column":26}}],"line":51},"4":{"loc":{"start":{"line":55,"column":11},"end":{"line":59,"column":59}},"type":"binary-expr","locations":[{"start":{"line":55,"column":13},"end":{"line":55,"column":26}},{"start":{"line":55,"column":30},"end":{"line":55,"column":38}},{"start":{"line":56,"column":12},"end":{"line":58,"column":25}},{"start":{"line":59,"column":16},"end":{"line":59,"column":59}}],"line":55},"5":{"loc":{"start":{"line":77,"column":29},"end":{"line":77,"column":61}},"type":"binary-expr","locations":[{"start":{"line":77,"column":29},"end":{"line":77,"column":38}},{"start":{"line":77,"column":42},"end":{"line":77,"column":61}}],"line":77},"6":{"loc":{"start":{"line":78,"column":25},"end":{"line":78,"column":50}},"type":"binary-expr","locations":[{"start":{"line":78,"column":25},"end":{"line":78,"column":31}},{"start":{"line":78,"column":35},"end":{"line":78,"column":50}}],"line":78},"7":{"loc":{"start":{"line":82,"column":9},"end":{"line":86,"column":70}},"type":"binary-expr","locations":[{"start":{"line":82,"column":10},"end":{"line":82,"column":23}},{"start":{"line":83,"column":10},"end":{"line":85,"column":23}},{"start":{"line":86,"column":14},"end":{"line":86,"column":70}}],"line":82},"8":{"loc":{"start":{"line":83,"column":43},"end":{"line":83,"column":69}},"type":"binary-expr","locations":[{"start":{"line":83,"column":43},"end":{"line":83,"column":52}},{"start":{"line":83,"column":56},"end":{"line":83,"column":69}}],"line":83},"9":{"loc":{"start":{"line":86,"column":40},"end":{"line":86,"column":66}},"type":"binary-expr","locations":[{"start":{"line":86,"column":40},"end":{"line":86,"column":49}},{"start":{"line":86,"column":53},"end":{"line":86,"column":66}}],"line":86}},"s":{"0":1,"1":1,"2":9,"3":9,"4":9,"5":9,"6":1,"7":0,"8":0,"9":0,"10":0},"f":{"0":9,"1":0},"b":{"0":[0],"1":[9],"2":[9,0,9],"3":[9,9],"4":[9,0,9,0],"5":[0,0],"6":[0,0],"7":[0,0,0],"8":[0,0],"9":[0,0]},"_coverageSchema":"1a1c01bbd47fc00a2c39e90264f33305004495a9","hash":"0d58425547f405b8d9e0c98d96034c2381186c88"}
,"/Users/atliq12/Documents/test-demo/App/Screens/SubComponents/BottomView.js": {"path":"/Users/atliq12/Documents/test-demo/App/Screens/SubComponents/BottomView.js","statementMap":{"0":{"start":{"line":12,"column":15},"end":{"line":36,"column":2}},"1":{"start":{"line":38,"column":19},"end":{"line":72,"column":1}},"2":{"start":{"line":39,"column":67},"end":{"line":39,"column":72}},"3":{"start":{"line":40,"column":59},"end":{"line":40,"column":65}},"4":{"start":{"line":41,"column":21},"end":{"line":41,"column":43}},"5":{"start":{"line":42,"column":2},"end":{"line":71,"column":4}},"6":{"start":{"line":74,"column":19},"end":{"line":92,"column":1}},"7":{"start":{"line":75,"column":21},"end":{"line":75,"column":43}},"8":{"start":{"line":76,"column":2},"end":{"line":91,"column":3}},"9":{"start":{"line":77,"column":4},"end":{"line":88,"column":6}},"10":{"start":{"line":90,"column":4},"end":{"line":90,"column":16}}},"fnMap":{"0":{"name":"(anonymous_0)","decl":{"start":{"line":38,"column":19},"end":{"line":38,"column":20}},"loc":{"start":{"line":38,"column":28},"end":{"line":72,"column":1}},"line":38},"1":{"name":"(anonymous_1)","decl":{"start":{"line":74,"column":19},"end":{"line":74,"column":20}},"loc":{"start":{"line":74,"column":54},"end":{"line":92,"column":1}},"line":74}},"branchMap":{"0":{"loc":{"start":{"line":39,"column":47},"end":{"line":39,"column":63}},"type":"default-arg","locations":[{"start":{"line":39,"column":61},"end":{"line":39,"column":63}}],"line":39},"1":{"loc":{"start":{"line":43,"column":25},"end":{"line":43,"column":43}},"type":"binary-expr","locations":[{"start":{"line":43,"column":25},"end":{"line":43,"column":32}},{"start":{"line":43,"column":36},"end":{"line":43,"column":43}}],"line":43},"2":{"loc":{"start":{"line":76,"column":2},"end":{"line":91,"column":3}},"type":"if","locations":[{"start":{"line":76,"column":2},"end":{"line":91,"column":3}},{"start":{"line":89,"column":9},"end":{"line":91,"column":3}}],"line":76},"3":{"loc":{"start":{"line":76,"column":6},"end":{"line":76,"column":50}},"type":"binary-expr","locations":[{"start":{"line":76,"column":6},"end":{"line":76,"column":19}},{"start":{"line":76,"column":23},"end":{"line":76,"column":36}},{"start":{"line":76,"column":40},"end":{"line":76,"column":50}}],"line":76}},"s":{"0":1,"1":1,"2":9,"3":9,"4":9,"5":9,"6":1,"7":0,"8":0,"9":0,"10":0},"f":{"0":9,"1":0},"b":{"0":[9],"1":[9,0],"2":[0,0],"3":[0,0,0]},"_coverageSchema":"1a1c01bbd47fc00a2c39e90264f33305004495a9","hash":"76330fa0c25c6757d29b3ea0482d72b29c0a20dc"}
,"/Users/atliq12/Documents/test-demo/App/Screens/SubComponents/NoConnection.js": {"path":"/Users/atliq12/Documents/test-demo/App/Screens/SubComponents/NoConnection.js","statementMap":{"0":{"start":{"line":8,"column":15},"end":{"line":33,"column":2}},"1":{"start":{"line":35,"column":21},"end":{"line":61,"column":1}},"2":{"start":{"line":36,"column":21},"end":{"line":36,"column":43}},"3":{"start":{"line":37,"column":56},"end":{"line":37,"column":62}},"4":{"start":{"line":38,"column":28},"end":{"line":38,"column":33}},"5":{"start":{"line":39,"column":2},"end":{"line":60,"column":4}}},"fnMap":{"0":{"name":"(anonymous_0)","decl":{"start":{"line":35,"column":21},"end":{"line":35,"column":22}},"loc":{"start":{"line":35,"column":30},"end":{"line":61,"column":1}},"line":35}},"branchMap":{},"s":{"0":1,"1":1,"2":0,"3":0,"4":0,"5":0},"f":{"0":0},"b":{},"_coverageSchema":"1a1c01bbd47fc00a2c39e90264f33305004495a9","hash":"e13b1f86248a5b93980098a8b906c24810ee6f92"}
,"/Users/atliq12/Documents/test-demo/App/Screens/SubComponents/Settings.js": {"path":"/Users/atliq12/Documents/test-demo/App/Screens/SubComponents/Settings.js","statementMap":{"0":{"start":{"line":7,"column":15},"end":{"line":26,"column":2}},"1":{"start":{"line":28,"column":22},"end":{"line":36,"column":1}},"2":{"start":{"line":29,"column":21},"end":{"line":29,"column":43}},"3":{"start":{"line":30,"column":18},"end":{"line":30,"column":23}},"4":{"start":{"line":31,"column":2},"end":{"line":35,"column":4}},"5":{"start":{"line":38,"column":19},"end":{"line":75,"column":1}},"6":{"start":{"line":39,"column":21},"end":{"line":39,"column":43}},"7":{"start":{"line":48,"column":6},"end":{"line":48,"column":11}},"8":{"start":{"line":49,"column":24},"end":{"line":49,"column":30}},"9":{"start":{"line":50,"column":2},"end":{"line":74,"column":4}},"10":{"start":{"line":51,"column":37},"end":{"line":51,"column":51}},"11":{"start":{"line":62,"column":34},"end":{"line":62,"column":48}}},"fnMap":{"0":{"name":"(anonymous_0)","decl":{"start":{"line":28,"column":22},"end":{"line":28,"column":23}},"loc":{"start":{"line":28,"column":31},"end":{"line":36,"column":1}},"line":28},"1":{"name":"(anonymous_1)","decl":{"start":{"line":38,"column":19},"end":{"line":38,"column":20}},"loc":{"start":{"line":38,"column":28},"end":{"line":75,"column":1}},"line":38},"2":{"name":"(anonymous_2)","decl":{"start":{"line":51,"column":31},"end":{"line":51,"column":32}},"loc":{"start":{"line":51,"column":37},"end":{"line":51,"column":51}},"line":51},"3":{"name":"(anonymous_3)","decl":{"start":{"line":62,"column":28},"end":{"line":62,"column":29}},"loc":{"start":{"line":62,"column":34},"end":{"line":62,"column":48}},"line":62}},"branchMap":{"0":{"loc":{"start":{"line":46,"column":4},"end":{"line":46,"column":20}},"type":"default-arg","locations":[{"start":{"line":46,"column":15},"end":{"line":46,"column":20}}],"line":46},"1":{"loc":{"start":{"line":47,"column":4},"end":{"line":47,"column":22}},"type":"default-arg","locations":[{"start":{"line":47,"column":17},"end":{"line":47,"column":22}}],"line":47},"2":{"loc":{"start":{"line":61,"column":9},"end":{"line":64,"column":14}},"type":"binary-expr","locations":[{"start":{"line":61,"column":10},"end":{"line":61,"column":18}},{"start":{"line":62,"column":10},"end":{"line":62,"column":66}},{"start":{"line":64,"column":10},"end":{"line":64,"column":14}}],"line":61},"3":{"loc":{"start":{"line":65,"column":9},"end":{"line":71,"column":14}},"type":"binary-expr","locations":[{"start":{"line":65,"column":10},"end":{"line":65,"column":20}},{"start":{"line":66,"column":10},"end":{"line":69,"column":12}},{"start":{"line":71,"column":10},"end":{"line":71,"column":14}}],"line":65}},"s":{"0":1,"1":1,"2":0,"3":0,"4":0,"5":1,"6":0,"7":0,"8":0,"9":0,"10":0,"11":0},"f":{"0":0,"1":0,"2":0,"3":0},"b":{"0":[0],"1":[0],"2":[0,0,0],"3":[0,0,0]},"_coverageSchema":"1a1c01bbd47fc00a2c39e90264f33305004495a9","hash":"067397ccdf8fc349e0dd070eabc28c311dfac066"}
,"/Users/atliq12/Documents/test-demo/App/Screens/SubComponents/index.js": {"path":"/Users/atliq12/Documents/test-demo/App/Screens/SubComponents/index.js","statementMap":{},"fnMap":{},"branchMap":{},"s":{},"f":{},"b":{},"_coverageSchema":"1a1c01bbd47fc00a2c39e90264f33305004495a9","hash":"a71243cdf029f6ce4891dfa3a9cfc439713d7faf"}
,"/Users/atliq12/Documents/test-demo/App/Services/UserService.js": {"path":"/Users/atliq12/Documents/test-demo/App/Services/UserService.js","statementMap":{"0":{"start":{"line":5,"column":26},"end":{"line":12,"column":1}},"1":{"start":{"line":6,"column":16},"end":{"line":6,"column":49}},"2":{"start":{"line":7,"column":2},"end":{"line":9,"column":3}},"3":{"start":{"line":8,"column":4},"end":{"line":8,"column":17}},"4":{"start":{"line":10,"column":2},"end":{"line":10,"column":26}},"5":{"start":{"line":11,"column":2},"end":{"line":11,"column":14}},"6":{"start":{"line":14,"column":25},"end":{"line":17,"column":1}},"7":{"start":{"line":15,"column":19},"end":{"line":15,"column":60}},"8":{"start":{"line":16,"column":2},"end":{"line":16,"column":23}},"9":{"start":{"line":19,"column":27},"end":{"line":23,"column":1}},"10":{"start":{"line":20,"column":14},"end":{"line":20,"column":37}},"11":{"start":{"line":21,"column":19},"end":{"line":21,"column":39}},"12":{"start":{"line":22,"column":2},"end":{"line":22,"column":23}}},"fnMap":{"0":{"name":"(anonymous_0)","decl":{"start":{"line":5,"column":26},"end":{"line":5,"column":27}},"loc":{"start":{"line":5,"column":38},"end":{"line":12,"column":1}},"line":5},"1":{"name":"(anonymous_1)","decl":{"start":{"line":14,"column":25},"end":{"line":14,"column":26}},"loc":{"start":{"line":14,"column":41},"end":{"line":17,"column":1}},"line":14},"2":{"name":"(anonymous_2)","decl":{"start":{"line":19,"column":27},"end":{"line":19,"column":28}},"loc":{"start":{"line":19,"column":41},"end":{"line":23,"column":1}},"line":19}},"branchMap":{"0":{"loc":{"start":{"line":7,"column":2},"end":{"line":9,"column":3}},"type":"if","locations":[{"start":{"line":7,"column":2},"end":{"line":9,"column":3}},{"start":{},"end":{}}],"line":7}},"s":{"0":1,"1":0,"2":0,"3":0,"4":0,"5":0,"6":1,"7":0,"8":0,"9":1,"10":0,"11":0,"12":0},"f":{"0":0,"1":0,"2":0},"b":{"0":[0,0]},"_coverageSchema":"1a1c01bbd47fc00a2c39e90264f33305004495a9","hash":"11d69581d0abc81c060943fd1bcc8f529553f757"}
,"/Users/atliq12/Documents/test-demo/App/Theme/AppImages.js": {"path":"/Users/atliq12/Documents/test-demo/App/Theme/AppImages.js","statementMap":{"0":{"start":{"line":1,"column":18},"end":{"line":9,"column":1}}},"fnMap":{},"branchMap":{},"s":{"0":1},"f":{},"b":{},"_coverageSchema":"1a1c01bbd47fc00a2c39e90264f33305004495a9","hash":"0646b50b2d527539291195ec41f445956f038d3e"}
,"/Users/atliq12/Documents/test-demo/App/Theme/Colors.js": {"path":"/Users/atliq12/Documents/test-demo/App/Theme/Colors.js","statementMap":{"0":{"start":{"line":1,"column":19},"end":{"line":21,"column":1}}},"fnMap":{},"branchMap":{},"s":{"0":3},"f":{},"b":{},"_coverageSchema":"1a1c01bbd47fc00a2c39e90264f33305004495a9","hash":"dbbf9eec0c48a217607b8f2e10813b89d9c1563b"}
,"/Users/atliq12/Documents/test-demo/App/Theme/CommonStyle.js": {"path":"/Users/atliq12/Documents/test-demo/App/Theme/CommonStyle.js","statementMap":{"0":{"start":{"line":3,"column":20},"end":{"line":52,"column":2}}},"fnMap":{},"branchMap":{},"s":{"0":3},"f":{},"b":{},"_coverageSchema":"1a1c01bbd47fc00a2c39e90264f33305004495a9","hash":"aebe9b4f2c34e70cfd81840134196d33d4de9ed2"}
,"/Users/atliq12/Documents/test-demo/App/Theme/DarkTheme.js": {"path":"/Users/atliq12/Documents/test-demo/App/Theme/DarkTheme.js","statementMap":{"0":{"start":{"line":3,"column":18},"end":{"line":18,"column":1}}},"fnMap":{},"branchMap":{},"s":{"0":3},"f":{},"b":{},"_coverageSchema":"1a1c01bbd47fc00a2c39e90264f33305004495a9","hash":"40e3ead9eb028b4462f36741189becb7733065ec"}
,"/Users/atliq12/Documents/test-demo/App/Theme/LightTheme.js": {"path":"/Users/atliq12/Documents/test-demo/App/Theme/LightTheme.js","statementMap":{"0":{"start":{"line":3,"column":19},"end":{"line":18,"column":1}}},"fnMap":{},"branchMap":{},"s":{"0":3},"f":{},"b":{},"_coverageSchema":"1a1c01bbd47fc00a2c39e90264f33305004495a9","hash":"84d2f5fb9aae2fd98ffaaadfb499af0b65374dd2"}
,"/Users/atliq12/Documents/test-demo/App/Theme/index.js": {"path":"/Users/atliq12/Documents/test-demo/App/Theme/index.js","statementMap":{"0":{"start":{"line":3,"column":29},"end":{"line":3,"column":36}},"1":{"start":{"line":5,"column":21},"end":{"line":8,"column":1}}},"fnMap":{},"branchMap":{},"s":{"0":3,"1":3},"f":{},"b":{},"_coverageSchema":"1a1c01bbd47fc00a2c39e90264f33305004495a9","hash":"6ca9e802f3c16ba7244250a6e9370be859c218b4"}
,"/Users/atliq12/Documents/test-demo/App/Theme/Images/home.png": {"path":"/Users/atliq12/Documents/test-demo/App/Theme/Images/home.png","statementMap":{"0":{"start":{"line":1,"column":0},"end":{"line":4,"column":6}}},"fnMap":{},"branchMap":{},"s":{"0":1},"f":{},"b":{},"inputSourceMap":null,"_coverageSchema":"1a1c01bbd47fc00a2c39e90264f33305004495a9","hash":"fd1a3e4b1540554e0c3613abe3688c81db929369"}
,"/Users/atliq12/Documents/test-demo/App/Theme/Images/password_closed.png": {"path":"/Users/atliq12/Documents/test-demo/App/Theme/Images/password_closed.png","statementMap":{"0":{"start":{"line":1,"column":0},"end":{"line":4,"column":6}}},"fnMap":{},"branchMap":{},"s":{"0":1},"f":{},"b":{},"inputSourceMap":null,"_coverageSchema":"1a1c01bbd47fc00a2c39e90264f33305004495a9","hash":"9e6ea7a9ae321560c7cd135627d2cf0f884908d9"}
,"/Users/atliq12/Documents/test-demo/App/Theme/Images/password_open.png": {"path":"/Users/atliq12/Documents/test-demo/App/Theme/Images/password_open.png","statementMap":{"0":{"start":{"line":1,"column":0},"end":{"line":4,"column":6}}},"fnMap":{},"branchMap":{},"s":{"0":1},"f":{},"b":{},"inputSourceMap":null,"_coverageSchema":"1a1c01bbd47fc00a2c39e90264f33305004495a9","hash":"ca469a9dbd21b1f221c315e6e02de5e7df5675ac"}
,"/Users/atliq12/Documents/test-demo/App/Theme/Images/profile.png": {"path":"/Users/atliq12/Documents/test-demo/App/Theme/Images/profile.png","statementMap":{"0":{"start":{"line":1,"column":0},"end":{"line":4,"column":6}}},"fnMap":{},"branchMap":{},"s":{"0":1},"f":{},"b":{},"inputSourceMap":null,"_coverageSchema":"1a1c01bbd47fc00a2c39e90264f33305004495a9","hash":"a81968e40b1b811d84faf5e7807df3d560576e2f"}
,"/Users/atliq12/Documents/test-demo/App/Theme/Images/search.png": {"path":"/Users/atliq12/Documents/test-demo/App/Theme/Images/search.png","statementMap":{"0":{"start":{"line":1,"column":0},"end":{"line":4,"column":6}}},"fnMap":{},"branchMap":{},"s":{"0":1},"f":{},"b":{},"inputSourceMap":null,"_coverageSchema":"1a1c01bbd47fc00a2c39e90264f33305004495a9","hash":"9b67c42b92a93e48973d3e1ed211cbf5a890c599"}
,"/Users/atliq12/Documents/test-demo/App/Theme/Images/settings.png": {"path":"/Users/atliq12/Documents/test-demo/App/Theme/Images/settings.png","statementMap":{"0":{"start":{"line":1,"column":0},"end":{"line":4,"column":6}}},"fnMap":{},"branchMap":{},"s":{"0":1},"f":{},"b":{},"inputSourceMap":null,"_coverageSchema":"1a1c01bbd47fc00a2c39e90264f33305004495a9","hash":"10042395054f2fe01c6fe8bb6a73f5c22ce20767"}
,"/Users/atliq12/Documents/test-demo/App/Theme/Images/tick.png": {"path":"/Users/atliq12/Documents/test-demo/App/Theme/Images/tick.png","statementMap":{"0":{"start":{"line":1,"column":0},"end":{"line":4,"column":6}}},"fnMap":{},"branchMap":{},"s":{"0":1},"f":{},"b":{},"inputSourceMap":null,"_coverageSchema":"1a1c01bbd47fc00a2c39e90264f33305004495a9","hash":"9edd966876448034bdd1bec49f66495293ba521d"}
,"/Users/atliq12/Documents/test-demo/App/Utils/Constant.js": {"path":"/Users/atliq12/Documents/test-demo/App/Utils/Constant.js","statementMap":{"0":{"start":{"line":3,"column":21},"end":{"line":3,"column":42}},"1":{"start":{"line":5,"column":31},"end":{"line":5,"column":55}},"2":{"start":{"line":7,"column":27},"end":{"line":7,"column":41}},"3":{"start":{"line":8,"column":22},"end":{"line":8,"column":39}},"4":{"start":{"line":11,"column":21},"end":{"line":16,"column":1}},"5":{"start":{"line":19,"column":25},"end":{"line":26,"column":1}}},"fnMap":{},"branchMap":{},"s":{"0":3,"1":3,"2":3,"3":3,"4":3,"5":3},"f":{},"b":{},"_coverageSchema":"1a1c01bbd47fc00a2c39e90264f33305004495a9","hash":"880354327c752726f71d03532c72c1b5c8cd62be"}
,"/Users/atliq12/Documents/test-demo/App/Utils/Storage.js": {"path":"/Users/atliq12/Documents/test-demo/App/Utils/Storage.js","statementMap":{"0":{"start":{"line":3,"column":32},"end":{"line":9,"column":1}},"1":{"start":{"line":4,"column":2},"end":{"line":8,"column":3}},"2":{"start":{"line":5,"column":4},"end":{"line":5,"column":49}},"3":{"start":{"line":7,"column":4},"end":{"line":7,"column":16}},"4":{"start":{"line":11,"column":34},"end":{"line":21,"column":1}},"5":{"start":{"line":12,"column":2},"end":{"line":20,"column":3}},"6":{"start":{"line":13,"column":18},"end":{"line":13,"column":49}},"7":{"start":{"line":14,"column":4},"end":{"line":16,"column":5}},"8":{"start":{"line":15,"column":6},"end":{"line":15,"column":19}},"9":{"start":{"line":17,"column":4},"end":{"line":17,"column":16}},"10":{"start":{"line":19,"column":4},"end":{"line":19,"column":16}},"11":{"start":{"line":23,"column":31},"end":{"line":29,"column":1}},"12":{"start":{"line":24,"column":2},"end":{"line":28,"column":3}},"13":{"start":{"line":25,"column":4},"end":{"line":25,"column":46}},"14":{"start":{"line":27,"column":4},"end":{"line":27,"column":16}},"15":{"start":{"line":31,"column":32},"end":{"line":37,"column":1}},"16":{"start":{"line":32,"column":2},"end":{"line":36,"column":3}},"17":{"start":{"line":33,"column":4},"end":{"line":33,"column":65}},"18":{"start":{"line":35,"column":4},"end":{"line":35,"column":16}},"19":{"start":{"line":39,"column":34},"end":{"line":49,"column":1}},"20":{"start":{"line":40,"column":2},"end":{"line":48,"column":3}},"21":{"start":{"line":41,"column":18},"end":{"line":41,"column":49}},"22":{"start":{"line":42,"column":4},"end":{"line":44,"column":5}},"23":{"start":{"line":43,"column":6},"end":{"line":43,"column":31}},"24":{"start":{"line":45,"column":4},"end":{"line":45,"column":16}},"25":{"start":{"line":47,"column":4},"end":{"line":47,"column":16}},"26":{"start":{"line":51,"column":32},"end":{"line":57,"column":1}},"27":{"start":{"line":52,"column":2},"end":{"line":56,"column":3}},"28":{"start":{"line":53,"column":4},"end":{"line":53,"column":52}},"29":{"start":{"line":55,"column":4},"end":{"line":55,"column":16}},"30":{"start":{"line":59,"column":28},"end":{"line":65,"column":1}},"31":{"start":{"line":60,"column":2},"end":{"line":64,"column":3}},"32":{"start":{"line":61,"column":4},"end":{"line":61,"column":38}},"33":{"start":{"line":63,"column":4},"end":{"line":63,"column":16}}},"fnMap":{"0":{"name":"(anonymous_0)","decl":{"start":{"line":3,"column":32},"end":{"line":3,"column":33}},"loc":{"start":{"line":3,"column":53},"end":{"line":9,"column":1}},"line":3},"1":{"name":"(anonymous_1)","decl":{"start":{"line":11,"column":34},"end":{"line":11,"column":35}},"loc":{"start":{"line":11,"column":47},"end":{"line":21,"column":1}},"line":11},"2":{"name":"(anonymous_2)","decl":{"start":{"line":23,"column":31},"end":{"line":23,"column":32}},"loc":{"start":{"line":23,"column":44},"end":{"line":29,"column":1}},"line":23},"3":{"name":"(anonymous_3)","decl":{"start":{"line":31,"column":32},"end":{"line":31,"column":33}},"loc":{"start":{"line":31,"column":53},"end":{"line":37,"column":1}},"line":31},"4":{"name":"(anonymous_4)","decl":{"start":{"line":39,"column":34},"end":{"line":39,"column":35}},"loc":{"start":{"line":39,"column":47},"end":{"line":49,"column":1}},"line":39},"5":{"name":"(anonymous_5)","decl":{"start":{"line":51,"column":32},"end":{"line":51,"column":33}},"loc":{"start":{"line":51,"column":50},"end":{"line":57,"column":1}},"line":51},"6":{"name":"(anonymous_6)","decl":{"start":{"line":59,"column":28},"end":{"line":59,"column":29}},"loc":{"start":{"line":59,"column":40},"end":{"line":65,"column":1}},"line":59}},"branchMap":{"0":{"loc":{"start":{"line":14,"column":4},"end":{"line":16,"column":5}},"type":"if","locations":[{"start":{"line":14,"column":4},"end":{"line":16,"column":5}},{"start":{},"end":{}}],"line":14},"1":{"loc":{"start":{"line":42,"column":4},"end":{"line":44,"column":5}},"type":"if","locations":[{"start":{"line":42,"column":4},"end":{"line":44,"column":5}},{"start":{},"end":{}}],"line":42}},"s":{"0":4,"1":0,"2":0,"3":0,"4":4,"5":0,"6":0,"7":0,"8":0,"9":0,"10":0,"11":4,"12":0,"13":0,"14":0,"15":4,"16":0,"17":0,"18":0,"19":4,"20":0,"21":0,"22":0,"23":0,"24":0,"25":0,"26":4,"27":0,"28":0,"29":0,"30":4,"31":0,"32":0,"33":0},"f":{"0":0,"1":0,"2":0,"3":0,"4":0,"5":0,"6":0},"b":{"0":[0,0],"1":[0,0]},"_coverageSchema":"1a1c01bbd47fc00a2c39e90264f33305004495a9","hash":"ce9bdcf3888455ce7a22989d71779f779825e1b6"}
,"/Users/atliq12/Documents/test-demo/config/jest/mockData.js": {"path":"/Users/atliq12/Documents/test-demo/config/jest/mockData.js","statementMap":{"0":{"start":{"line":1,"column":21},"end":{"line":20,"column":1}}},"fnMap":{},"branchMap":{},"s":{"0":1},"f":{},"b":{},"_coverageSchema":"1a1c01bbd47fc00a2c39e90264f33305004495a9","hash":"92b054e559e8eb50c8cf541de2057c09cf515916"}
}
