TN:
SF:App/Actions/UserActions.js
FN:3,(anonymous_0)
FN:7,(anonymous_1)
FN:11,(anonymous_2)
FNF:3
FNH:3
FNDA:1,(anonymous_0)
FNDA:1,(anonymous_1)
FNDA:4,(anonymous_2)
DA:3,2
DA:7,2
DA:11,4
LF:3
LH:3
BRF:0
BRH:0
end_of_record
TN:
SF:App/Actions/Keys/UserKey.js
FNF:0
FNH:0
DA:1,4
DA:2,4
DA:3,4
DA:5,4
DA:6,4
DA:7,4
LF:6
LH:6
BRF:0
BRH:0
end_of_record
TN:
SF:App/Actions/Keys/index.js
FNF:0
FNH:0
LF:0
LH:0
BRF:0
BRH:0
end_of_record
TN:
SF:App/ApiConfig/index.js
FNF:0
FNH:0
DA:3,1
DA:5,1
DA:7,1
DA:12,1
DA:15,1
DA:17,1
DA:19,1
LF:7
LH:7
BRDA:15,0,0,1
BRDA:15,0,1,1
BRDA:15,0,2,0
BRF:3
BRH:2
end_of_record
TN:
SF:App/AppContext/index.js
FN:18,(anonymous_0)
FN:19,(anonymous_1)
FN:22,(anonymous_2)
FN:27,(anonymous_3)
FN:31,(anonymous_4)
FN:70,(anonymous_5)
FN:75,(anonymous_6)
FNF:7
FNH:0
FNDA:0,(anonymous_0)
FNDA:0,(anonymous_1)
FNDA:0,(anonymous_2)
FNDA:0,(anonymous_3)
FNDA:0,(anonymous_4)
FNDA:0,(anonymous_5)
FNDA:0,(anonymous_6)
DA:10,3
DA:12,3
DA:22,3
DA:24,0
DA:25,0
DA:27,0
DA:28,0
DA:31,0
DA:32,0
DA:33,0
DA:35,0
DA:70,0
DA:71,0
DA:72,0
DA:75,0
DA:76,0
DA:77,0
DA:78,0
DA:79,0
DA:81,0
DA:82,0
DA:83,0
DA:85,0
DA:90,0
LF:24
LH:3
BRDA:32,0,0,0
BRDA:32,0,1,0
BRDA:77,1,0,0
BRDA:77,1,1,0
BRDA:77,2,0,0
BRDA:77,2,1,0
BRDA:79,3,0,0
BRDA:79,3,1,0
BRDA:79,3,2,0
BRDA:81,4,0,0
BRDA:81,4,1,0
BRF:11
BRH:0
end_of_record
TN:
SF:App/Reducers/UserReducer.js
FN:6,(anonymous_0)
FNF:1
FNH:1
FNDA:13,(anonymous_0)
DA:4,2
DA:6,2
DA:7,13
DA:9,1
DA:11,4
DA:20,1
DA:29,0
DA:38,7
LF:8
LH:7
BRDA:6,0,0,4
BRDA:7,1,0,1
BRDA:7,1,1,4
BRDA:7,1,2,1
BRDA:7,1,3,0
BRDA:7,1,4,7
BRF:6
BRH:5
end_of_record
TN:
SF:App/Reducers/index.js
FNF:0
FNH:0
LF:0
LH:0
BRF:0
BRH:0
end_of_record
TN:
SF:App/Reducers/Default/UserDefault.js
FNF:0
FNH:0
DA:1,2
LF:1
LH:1
BRF:0
BRH:0
end_of_record
TN:
SF:App/Reducers/Default/index.js
FNF:0
FNH:0
DA:3,2
LF:1
LH:1
BRF:0
BRH:0
end_of_record
TN:
SF:App/Sagas/UserSaga.js
FN:5,(anonymous_0)
FN:7,getUserSaga
FN:13,getUserListSaga
FNF:3
FNH:0
FNDA:0,(anonymous_0)
FNDA:0,getUserSaga
FNDA:0,getUserListSaga
DA:5,1
DA:8,0
DA:14,0
DA:15,0
DA:17,0
DA:18,0
DA:19,0
DA:20,0
DA:21,0
DA:23,0
DA:24,0
DA:26,0
DA:27,0
LF:13
LH:1
BRDA:15,0,0,0
BRDA:15,0,1,0
BRDA:19,1,0,0
BRDA:19,1,1,0
BRF:4
BRH:0
end_of_record
TN:
SF:App/Screens/CommonComponent/CustomText.js
FN:5,(anonymous_0)
FN:18,(anonymous_1)
FNF:2
FNH:2
FNDA:46,(anonymous_0)
FNDA:46,(anonymous_1)
DA:5,3
DA:16,46
DA:18,46
DA:19,46
DA:20,46
DA:21,0
DA:22,46
DA:23,0
DA:24,46
DA:25,27
DA:26,19
DA:27,9
DA:28,10
DA:29,1
DA:30,9
DA:31,0
DA:33,46
DA:38,46
LF:18
LH:15
BRDA:19,0,0,46
BRDA:19,0,1,46
BRDA:20,1,0,0
BRDA:20,1,1,46
BRDA:22,2,0,0
BRDA:22,2,1,46
BRDA:24,3,0,27
BRDA:24,3,1,19
BRDA:26,4,0,9
BRDA:26,4,1,10
BRDA:28,5,0,1
BRDA:28,5,1,9
BRDA:30,6,0,0
BRDA:30,6,1,9
BRDA:39,7,0,46
BRDA:39,7,1,46
BRF:16
BRH:13
end_of_record
TN:
SF:App/Screens/CommonComponent/index.js
FNF:0
FNH:0
LF:0
LH:0
BRF:0
BRH:0
end_of_record
TN:
SF:App/Screens/Components/Home/Home.js
FN:20,(anonymous_0)
FN:22,(anonymous_1)
FN:25,(anonymous_2)
FN:30,(anonymous_3)
FN:52,(anonymous_4)
FN:57,(anonymous_5)
FN:58,(anonymous_6)
FNF:7
FNH:4
FNDA:6,(anonymous_0)
FNDA:9,(anonymous_1)
FNDA:3,(anonymous_2)
FNDA:0,(anonymous_3)
FNDA:0,(anonymous_4)
FNDA:0,(anonymous_5)
FNDA:6,(anonymous_6)
DA:10,1
DA:20,1
DA:21,6
DA:22,9
DA:23,6
DA:25,6
DA:26,3
DA:30,6
DA:31,0
DA:38,6
DA:53,0
DA:54,0
DA:57,0
DA:59,6
LF:14
LH:10
BRF:0
BRH:0
end_of_record
TN:
SF:App/Screens/Components/Login/Login.js
FN:47,(anonymous_0)
FN:57,(anonymous_1)
FN:63,(anonymous_2)
FN:69,(anonymous_3)
FN:75,(anonymous_4)
FN:81,(anonymous_5)
FN:92,(anonymous_6)
FN:102,(anonymous_7)
FN:123,(anonymous_8)
FN:132,(anonymous_9)
FN:133,(anonymous_10)
FN:138,(anonymous_11)
FN:147,(anonymous_12)
FN:182,(anonymous_13)
FNF:14
FNH:10
FNDA:6,(anonymous_0)
FNDA:0,(anonymous_1)
FNDA:2,(anonymous_2)
FNDA:0,(anonymous_3)
FNDA:1,(anonymous_4)
FNDA:1,(anonymous_5)
FNDA:1,(anonymous_6)
FNDA:9,(anonymous_7)
FNDA:1,(anonymous_8)
FNDA:17,(anonymous_9)
FNDA:0,(anonymous_10)
FNDA:1,(anonymous_11)
FNDA:17,(anonymous_12)
FNDA:0,(anonymous_13)
DA:18,1
DA:45,1
DA:48,6
DA:49,6
DA:57,6
DA:58,0
DA:59,0
DA:63,6
DA:64,2
DA:69,6
DA:70,0
DA:75,6
DA:76,1
DA:81,6
DA:82,1
DA:85,1
DA:86,0
DA:88,1
DA:92,6
DA:93,1
DA:94,1
DA:103,9
DA:104,9
DA:105,9
DA:106,9
DA:107,9
DA:114,9
DA:123,1
DA:132,17
DA:133,0
DA:138,1
DA:147,17
DA:182,0
LF:33
LH:27
BRDA:58,0,0,0
BRDA:58,0,1,0
BRDA:161,1,0,9
BRDA:161,1,1,9
BRDA:161,1,2,0
BRF:5
BRH:2
end_of_record
TN:
SF:App/Screens/Components/Search/Search.js
FN:7,(anonymous_0)
FNF:1
FNH:1
FNDA:1,(anonymous_0)
DA:7,1
DA:8,1
DA:10,1
LF:3
LH:3
BRF:0
BRH:0
end_of_record
TN:
SF:App/Screens/SubComponents/AppButton.js
FN:35,(anonymous_0)
FN:66,(anonymous_1)
FNF:2
FNH:1
FNDA:9,(anonymous_0)
FNDA:0,(anonymous_1)
DA:13,1
DA:35,1
DA:42,9
DA:43,9
DA:44,9
DA:45,9
DA:66,1
DA:68,0
DA:69,0
DA:70,0
DA:71,0
LF:11
LH:7
BRDA:40,0,0,0
BRDA:41,1,0,9
BRDA:50,2,0,9
BRDA:50,2,1,0
BRDA:50,2,2,9
BRDA:51,3,0,9
BRDA:51,3,1,9
BRDA:55,4,0,9
BRDA:55,4,1,0
BRDA:55,4,2,9
BRDA:55,4,3,0
BRDA:77,5,0,0
BRDA:77,5,1,0
BRDA:78,6,0,0
BRDA:78,6,1,0
BRDA:82,7,0,0
BRDA:82,7,1,0
BRDA:82,7,2,0
BRDA:83,8,0,0
BRDA:83,8,1,0
BRDA:86,9,0,0
BRDA:86,9,1,0
BRF:22
BRH:7
end_of_record
TN:
SF:App/Screens/SubComponents/BottomView.js
FN:38,(anonymous_0)
FN:74,(anonymous_1)
FNF:2
FNH:1
FNDA:9,(anonymous_0)
FNDA:0,(anonymous_1)
DA:12,1
DA:38,1
DA:39,9
DA:40,9
DA:41,9
DA:42,9
DA:74,1
DA:75,0
DA:76,0
DA:77,0
DA:90,0
LF:11
LH:7
BRDA:39,0,0,9
BRDA:43,1,0,9
BRDA:43,1,1,0
BRDA:76,2,0,0
BRDA:76,2,1,0
BRDA:76,3,0,0
BRDA:76,3,1,0
BRDA:76,3,2,0
BRF:8
BRH:2
end_of_record
TN:
SF:App/Screens/SubComponents/NoConnection.js
FN:35,(anonymous_0)
FNF:1
FNH:0
FNDA:0,(anonymous_0)
DA:8,1
DA:35,1
DA:36,0
DA:37,0
DA:38,0
DA:39,0
LF:6
LH:2
BRF:0
BRH:0
end_of_record
TN:
SF:App/Screens/SubComponents/Settings.js
FN:28,(anonymous_0)
FN:38,(anonymous_1)
FN:51,(anonymous_2)
FN:62,(anonymous_3)
FNF:4
FNH:0
FNDA:0,(anonymous_0)
FNDA:0,(anonymous_1)
FNDA:0,(anonymous_2)
FNDA:0,(anonymous_3)
DA:7,1
DA:28,1
DA:29,0
DA:30,0
DA:31,0
DA:38,1
DA:39,0
DA:48,0
DA:49,0
DA:50,0
DA:51,0
DA:62,0
LF:12
LH:3
BRDA:46,0,0,0
BRDA:47,1,0,0
BRDA:61,2,0,0
BRDA:61,2,1,0
BRDA:61,2,2,0
BRDA:65,3,0,0
BRDA:65,3,1,0
BRDA:65,3,2,0
BRF:8
BRH:0
end_of_record
TN:
SF:App/Screens/SubComponents/index.js
FNF:0
FNH:0
LF:0
LH:0
BRF:0
BRH:0
end_of_record
TN:
SF:App/Services/UserService.js
FN:5,(anonymous_0)
FN:14,(anonymous_1)
FN:19,(anonymous_2)
FNF:3
FNH:0
FNDA:0,(anonymous_0)
FNDA:0,(anonymous_1)
FNDA:0,(anonymous_2)
DA:5,1
DA:6,0
DA:7,0
DA:8,0
DA:10,0
DA:11,0
DA:14,1
DA:15,0
DA:16,0
DA:19,1
DA:20,0
DA:21,0
DA:22,0
LF:13
LH:3
BRDA:7,0,0,0
BRDA:7,0,1,0
BRF:2
BRH:0
end_of_record
TN:
SF:App/Theme/AppImages.js
FNF:0
FNH:0
DA:1,1
LF:1
LH:1
BRF:0
BRH:0
end_of_record
TN:
SF:App/Theme/Colors.js
FNF:0
FNH:0
DA:1,3
LF:1
LH:1
BRF:0
BRH:0
end_of_record
TN:
SF:App/Theme/CommonStyle.js
FNF:0
FNH:0
DA:3,3
LF:1
LH:1
BRF:0
BRH:0
end_of_record
TN:
SF:App/Theme/DarkTheme.js
FNF:0
FNH:0
DA:3,3
LF:1
LH:1
BRF:0
BRH:0
end_of_record
TN:
SF:App/Theme/LightTheme.js
FNF:0
FNH:0
DA:3,3
LF:1
LH:1
BRF:0
BRH:0
end_of_record
TN:
SF:App/Theme/index.js
FNF:0
FNH:0
DA:3,3
DA:5,3
LF:2
LH:2
BRF:0
BRH:0
end_of_record
TN:
SF:App/Theme/Images/home.png
FNF:0
FNH:0
DA:1,1
LF:1
LH:1
BRF:0
BRH:0
end_of_record
TN:
SF:App/Theme/Images/password_closed.png
FNF:0
FNH:0
DA:1,1
LF:1
LH:1
BRF:0
BRH:0
end_of_record
TN:
SF:App/Theme/Images/password_open.png
FNF:0
FNH:0
DA:1,1
LF:1
LH:1
BRF:0
BRH:0
end_of_record
TN:
SF:App/Theme/Images/profile.png
FNF:0
FNH:0
DA:1,1
LF:1
LH:1
BRF:0
BRH:0
end_of_record
TN:
SF:App/Theme/Images/search.png
FNF:0
FNH:0
DA:1,1
LF:1
LH:1
BRF:0
BRH:0
end_of_record
TN:
SF:App/Theme/Images/settings.png
FNF:0
FNH:0
DA:1,1
LF:1
LH:1
BRF:0
BRH:0
end_of_record
TN:
SF:App/Theme/Images/tick.png
FNF:0
FNH:0
DA:1,1
LF:1
LH:1
BRF:0
BRH:0
end_of_record
TN:
SF:App/Utils/Constant.js
FNF:0
FNH:0
DA:3,3
DA:5,3
DA:7,3
DA:8,3
DA:11,3
DA:19,3
LF:6
LH:6
BRF:0
BRH:0
end_of_record
TN:
SF:App/Utils/Storage.js
FN:3,(anonymous_0)
FN:11,(anonymous_1)
FN:23,(anonymous_2)
FN:31,(anonymous_3)
FN:39,(anonymous_4)
FN:51,(anonymous_5)
FN:59,(anonymous_6)
FNF:7
FNH:0
FNDA:0,(anonymous_0)
FNDA:0,(anonymous_1)
FNDA:0,(anonymous_2)
FNDA:0,(anonymous_3)
FNDA:0,(anonymous_4)
FNDA:0,(anonymous_5)
FNDA:0,(anonymous_6)
DA:3,4
DA:4,0
DA:5,0
DA:7,0
DA:11,4
DA:12,0
DA:13,0
DA:14,0
DA:15,0
DA:17,0
DA:19,0
DA:23,4
DA:24,0
DA:25,0
DA:27,0
DA:31,4
DA:32,0
DA:33,0
DA:35,0
DA:39,4
DA:40,0
DA:41,0
DA:42,0
DA:43,0
DA:45,0
DA:47,0
DA:51,4
DA:52,0
DA:53,0
DA:55,0
DA:59,4
DA:60,0
DA:61,0
DA:63,0
LF:34
LH:7
BRDA:14,0,0,0
BRDA:14,0,1,0
BRDA:42,1,0,0
BRDA:42,1,1,0
BRF:4
BRH:0
end_of_record
TN:
SF:config/jest/mockData.js
FNF:0
FNH:0
DA:1,1
LF:1
LH:1
BRF:0
BRH:0
end_of_record
